\BOOKMARK [0][-]{chapter.1}{\376\377\000I\000n\000t\000r\000o\000d\000u\000c\000t\000i\000o\000n}{}% 1
\BOOKMARK [1][-]{section.1.1}{\376\377\000D\000a\000t\000a\000\040\000B\000a\000s\000e\000\040\000M\000a\000n\000a\000g\000e\000m\000e\000n\000t\000\040\000S\000y\000s\000t\000e\000m}{chapter.1}% 2
\BOOKMARK [1][-]{section.1.2}{\376\377\000T\000r\000a\000n\000s\000a\000c\000t\000i\000o\000n\000s}{chapter.1}% 3
\BOOKMARK [0][-]{chapter.2}{\376\377\000C\000o\000n\000c\000u\000r\000r\000e\000n\000c\000y}{}% 4
\BOOKMARK [1][-]{section.2.1}{\376\377\000I\000n\000t\000r\000o\000d\000u\000c\000t\000i\000o\000n}{chapter.2}% 5
\BOOKMARK [1][-]{section.2.2}{\376\377\000A\000n\000o\000m\000a\000l\000i\000e\000s\000\040\000i\000n\000\040\000c\000o\000n\000c\000u\000r\000r\000e\000n\000t\000\040\000t\000r\000a\000n\000s\000a\000c\000t\000i\000o\000n\000s}{chapter.2}% 6
\BOOKMARK [1][-]{section.2.3}{\376\377\000C\000o\000n\000c\000u\000r\000r\000e\000n\000c\000y\000\040\000t\000h\000e\000o\000r\000y}{chapter.2}% 7
\BOOKMARK [1][-]{section.2.4}{\376\377\000V\000i\000e\000w\000-\000s\000e\000r\000i\000a\000l\000i\000z\000a\000b\000i\000l\000i\000t\000y}{chapter.2}% 8
\BOOKMARK [1][-]{section.2.5}{\376\377\000C\000o\000n\000f\000l\000i\000c\000t\000-\000s\000e\000r\000i\000a\000l\000i\000z\000a\000b\000i\000l\000i\000t\000y}{chapter.2}% 9
\BOOKMARK [1][-]{section.2.6}{\376\377\000C\000o\000n\000c\000u\000r\000r\000e\000n\000c\000y\000\040\000c\000o\000n\000t\000r\000o\000l\000\040\000i\000n\000\040\000p\000r\000a\000c\000t\000i\000c\000e}{chapter.2}% 10
\BOOKMARK [1][-]{section.2.7}{\376\377\000L\000o\000c\000k\000i\000n\000g}{chapter.2}% 11
\BOOKMARK [2][-]{subsection.2.7.1}{\376\377\000T\000w\000o\000-\000p\000h\000a\000s\000e\000\040\000l\000o\000c\000k\000i\000n\000g}{section.2.7}% 12
\BOOKMARK [2][-]{subsection.2.7.2}{\376\377\000S\000t\000r\000i\000c\000t\000\040\000t\000w\000o\000-\000p\000h\000a\000s\000e\000\040\000l\000o\000c\000k\000i\000n\000g}{section.2.7}% 13
\BOOKMARK [1][-]{section.2.8}{\376\377\000I\000s\000o\000l\000a\000t\000i\000o\000n\000\040\000l\000e\000v\000e\000l\000s\000\040\000i\000n\000\040\000S\000Q\000L\000\040\000'\0009\0009}{chapter.2}% 14
\BOOKMARK [1][-]{section.2.9}{\376\377\000D\000e\000a\000d\000l\000o\000c\000k\000s}{chapter.2}% 15
\BOOKMARK [1][-]{section.2.10}{\376\377\000T\000i\000m\000e\000s\000t\000a\000m\000p\000s}{chapter.2}% 16
\BOOKMARK [2][-]{subsection.2.10.1}{\376\377\000M\000u\000l\000t\000i\000-\000v\000e\000r\000s\000i\000o\000n\000\040\000t\000i\000m\000e\000s\000t\000a\000m\000p\000s}{section.2.10}% 17
\BOOKMARK [1][-]{section.2.11}{\376\377\000C\000o\000n\000c\000u\000r\000r\000e\000n\000c\000y\000\040\000c\000l\000a\000s\000s\000e\000s\000\040\000s\000e\000t\000s}{chapter.2}% 18
\BOOKMARK [0][-]{chapter.3}{\376\377\000R\000a\000n\000k\000i\000n\000g}{}% 19
\BOOKMARK [1][-]{section.3.1}{\376\377\000I\000n\000t\000r\000o\000d\000u\000c\000t\000i\000o\000n}{chapter.3}% 20
\BOOKMARK [1][-]{section.3.2}{\376\377\000H\000i\000s\000t\000o\000r\000y}{chapter.3}% 21
\BOOKMARK [1][-]{section.3.3}{\376\377\000O\000p\000a\000q\000u\000e\000\040\000r\000a\000n\000k\000i\000n\000g\000s}{chapter.3}% 22
\BOOKMARK [1][-]{section.3.4}{\376\377\000R\000a\000n\000k\000i\000n\000g\000\040\000q\000u\000e\000r\000i\000e\000s}{chapter.3}% 23
\BOOKMARK [2][-]{subsection.3.4.1}{\376\377\000B\000-\000z\000e\000r\000o\000\040\000a\000l\000g\000o\000r\000i\000t\000h\000m}{section.3.4}% 24
\BOOKMARK [2][-]{subsection.3.4.2}{\376\377\000A\000-\000z\000e\000r\000o\000\040\000a\000l\000g\000o\000r\000i\000t\000h\000m}{section.3.4}% 25
\BOOKMARK [2][-]{subsection.3.4.3}{\376\377\000T\000h\000r\000e\000s\000h\000o\000l\000d\000\040\000a\000l\000g\000o\000r\000i\000t\000h\000m}{section.3.4}% 26
\BOOKMARK [2][-]{subsection.3.4.4}{\376\377\000N\000o\000\040\000R\000a\000n\000d\000o\000m\000\040\000A\000c\000c\000e\000s\000s\000\040\000a\000l\000g\000o\000r\000i\000t\000h\000m}{section.3.4}% 27
\BOOKMARK [2][-]{subsection.3.4.5}{\376\377\000S\000u\000m\000m\000a\000r\000y}{section.3.4}% 28
\BOOKMARK [1][-]{section.3.5}{\376\377\000S\000k\000y\000l\000i\000n\000e\000\040\000q\000u\000e\000r\000i\000e\000s}{chapter.3}% 29
\BOOKMARK [2][-]{subsection.3.5.1}{\376\377\000B\000l\000o\000c\000k\000\040\000N\000e\000s\000t\000e\000d\000\040\000L\000o\000o\000p\000\040\000a\000l\000g\000o\000r\000i\000t\000h\000m}{section.3.5}% 30
\BOOKMARK [2][-]{subsection.3.5.2}{\376\377\000S\000o\000r\000t\000\040\000F\000i\000l\000t\000e\000r\000\040\000S\000k\000y\000l\000i\000n\000e\000\040\000a\000l\000g\000o\000r\000i\000t\000h\000m}{section.3.5}% 31
\BOOKMARK [2][-]{subsection.3.5.3}{\376\377\000S\000u\000m\000m\000a\000r\000y}{section.3.5}% 32
\BOOKMARK [1][-]{section.3.6}{\376\377\000C\000o\000m\000p\000a\000r\000i\000s\000o\000n\000\040\000b\000e\000t\000w\000e\000e\000n\000\040\000r\000a\000n\000k\000i\000n\000g\000\040\000a\000n\000d\000\040\000s\000k\000y\000l\000i\000n\000e}{chapter.3}% 33
\BOOKMARK [0][-]{chapter.4}{\376\377\000A\000r\000c\000h\000i\000t\000e\000c\000t\000u\000r\000e\000s\000\040\000a\000n\000d\000\040\000J\000P\000A}{}% 34
\BOOKMARK [1][-]{section.4.1}{\376\377\000I\000n\000t\000r\000o\000d\000u\000c\000t\000i\000o\000n}{chapter.4}% 35
\BOOKMARK [1][-]{section.4.2}{\376\377\000C\000l\000i\000e\000n\000t\000-\000s\000e\000r\000v\000e\000r\000\040\000a\000r\000c\000h\000i\000t\000e\000c\000t\000u\000r\000e}{chapter.4}% 36
\BOOKMARK [1][-]{section.4.3}{\376\377\000T\000h\000r\000e\000e\000-\000t\000i\000e\000r\000\040\000a\000r\000c\000h\000i\000t\000e\000c\000t\000u\000r\000e}{chapter.4}% 37
\BOOKMARK [1][-]{section.4.4}{\376\377\000J\000a\000v\000a\000\040\000e\000n\000t\000e\000r\000p\000r\000i\000s\000e\000\040\000e\000d\000i\000t\000i\000o\000n}{chapter.4}% 38
\BOOKMARK [1][-]{section.4.5}{\376\377\000J\000P\000A\000:\000\040\000O\000b\000j\000e\000c\000t\000\040\000R\000e\000l\000a\000t\000i\000o\000n\000a\000l\000\040\000M\000a\000p\000p\000i\000n\000g}{chapter.4}% 39
\BOOKMARK [2][-]{subsection.4.5.1}{\376\377\000M\000a\000p\000p\000i\000n\000g}{section.4.5}% 40
\BOOKMARK [2][-]{subsection.4.5.2}{\376\377\000R\000e\000l\000a\000t\000i\000o\000n\000s\000h\000i\000p\000\040\000f\000e\000t\000c\000h\000\040\000m\000o\000d\000e}{section.4.5}% 41
\BOOKMARK [2][-]{subsection.4.5.3}{\376\377\000C\000a\000s\000c\000a\000d\000i\000n\000g\000\040\000o\000p\000e\000r\000a\000t\000i\000o\000n\000s}{section.4.5}% 42
\BOOKMARK [1][-]{section.4.6}{\376\377\000J\000P\000A\000:\000\040\000e\000n\000t\000i\000t\000y\000\040\000m\000a\000n\000a\000g\000e\000r}{chapter.4}% 43
\BOOKMARK [2][-]{subsection.4.6.1}{\376\377\000A\000p\000p\000l\000i\000c\000a\000t\000i\000o\000n\000\040\000a\000r\000c\000h\000i\000t\000e\000c\000t\000u\000r\000e}{section.4.6}% 44
\BOOKMARK [1][-]{section.4.7}{\376\377\000B\000e\000n\000e\000f\000i\000t\000s\000\040\000o\000f\000\040\000J\000a\000v\000a\000\040\000P\000e\000r\000s\000i\000s\000t\000e\000n\000c\000e\000\040\000A\000P\000I}{chapter.4}% 45
\BOOKMARK [0][-]{chapter.5}{\376\377\000T\000r\000i\000g\000g\000e\000r\000s}{}% 46
\BOOKMARK [1][-]{section.5.1}{\376\377\000D\000e\000f\000i\000n\000i\000t\000i\000o\000n\000\040\000a\000n\000d\000\040\000h\000i\000s\000t\000o\000r\000y}{chapter.5}% 47
\BOOKMARK [1][-]{section.5.2}{\376\377\000I\000n\000t\000r\000o\000d\000u\000c\000t\000i\000o\000n}{chapter.5}% 48
\BOOKMARK [1][-]{section.5.3}{\376\377\000T\000r\000i\000g\000g\000e\000r\000s\000\040\000d\000e\000f\000i\000n\000i\000t\000i\000o\000n}{chapter.5}% 49
\BOOKMARK [1][-]{section.5.4}{\376\377\000T\000r\000i\000g\000g\000e\000r\000s\000\040\000a\000p\000p\000l\000i\000c\000a\000t\000i\000o\000n}{chapter.5}% 50
\BOOKMARK [2][-]{subsection.5.4.1}{\376\377\000S\000u\000m\000m\000a\000r\000y}{section.5.4}% 51
\BOOKMARK [0][-]{chapter.6}{\376\377\000P\000h\000y\000s\000i\000c\000a\000l\000\040\000d\000a\000t\000a\000b\000a\000s\000e\000s}{}% 52
\BOOKMARK [1][-]{section.6.1}{\376\377\000I\000n\000t\000r\000o\000d\000u\000c\000t\000i\000o\000n}{chapter.6}% 53
\BOOKMARK [1][-]{section.6.2}{\376\377\000P\000h\000y\000s\000i\000c\000a\000l\000\040\000a\000c\000c\000e\000s\000s\000\040\000s\000t\000r\000u\000c\000t\000u\000r\000e\000s}{chapter.6}% 54
\BOOKMARK [2][-]{subsection.6.2.1}{\376\377\000I\000n\000d\000e\000x\000e\000s}{section.6.2}% 55
\BOOKMARK [2][-]{subsection.6.2.2}{\376\377\000S\000e\000q\000u\000e\000n\000t\000i\000a\000l\000\040\000s\000t\000r\000u\000c\000t\000u\000r\000e\000s}{section.6.2}% 56
\BOOKMARK [2][-]{subsection.6.2.3}{\376\377\000H\000a\000s\000h\000-\000b\000a\000s\000e\000d\000\040\000s\000t\000r\000u\000c\000t\000u\000r\000e\000s}{section.6.2}% 57
\BOOKMARK [2][-]{subsection.6.2.4}{\376\377\000T\000r\000e\000e\000-\000b\000a\000s\000e\000d\000\040\000s\000t\000r\000u\000c\000t\000u\000r\000e\000s}{section.6.2}% 58
\BOOKMARK [1][-]{section.6.3}{\376\377\000Q\000u\000e\000r\000y\000\040\000o\000p\000t\000i\000m\000i\000z\000a\000t\000i\000o\000n}{chapter.6}% 59
\BOOKMARK [2][-]{subsection.6.3.1}{\376\377\000R\000e\000l\000a\000t\000i\000o\000n\000\040\000p\000r\000o\000f\000i\000l\000e\000s}{section.6.3}% 60
\BOOKMARK [2][-]{subsection.6.3.2}{\376\377\000I\000n\000t\000e\000r\000n\000a\000l\000\040\000r\000e\000p\000r\000e\000s\000e\000n\000t\000a\000t\000i\000o\000n\000\040\000o\000f\000\040\000q\000u\000e\000r\000i\000e\000s}{section.6.3}% 61
\BOOKMARK [2][-]{subsection.6.3.3}{\376\377\000C\000o\000s\000t\000-\000b\000a\000s\000e\000d\000\040\000O\000p\000t\000i\000m\000i\000z\000a\000t\000i\000o\000n}{section.6.3}% 62
\BOOKMARK [2][-]{subsection.6.3.4}{\376\377\000A\000p\000p\000r\000o\000a\000c\000h\000e\000s\000\040\000t\000o\000\040\000Q\000u\000e\000r\000y\000\040\000E\000v\000a\000l\000u\000a\000t\000i\000o\000n}{section.6.3}% 63
\BOOKMARK [0][-]{chapter.7}{\376\377\000R\000e\000l\000i\000a\000b\000i\000l\000i\000t\000y}{}% 64
\BOOKMARK [1][-]{section.7.1}{\376\377\000I\000n\000t\000r\000o\000d\000u\000c\000t\000i\000o\000n}{chapter.7}% 65
\BOOKMARK [2][-]{subsection.7.1.1}{\376\377\000M\000a\000i\000n\000\040\000m\000e\000m\000o\000r\000y\000\040\000m\000a\000n\000a\000g\000e\000m\000e\000n\000t}{section.7.1}% 66
\BOOKMARK [1][-]{section.7.2}{\376\377\000F\000a\000i\000l\000u\000r\000e\000\040\000H\000a\000n\000d\000l\000i\000n\000g}{chapter.7}% 67
\BOOKMARK [2][-]{subsection.7.2.1}{\376\377\000T\000r\000a\000n\000s\000a\000c\000t\000i\000o\000n\000\040\000L\000o\000g}{section.7.2}% 68
\BOOKMARK [2][-]{subsection.7.2.2}{\376\377\000F\000a\000i\000l\000u\000r\000e\000s\000\040\000t\000y\000p\000e\000s}{section.7.2}% 69
\BOOKMARK [2][-]{subsection.7.2.3}{\376\377\000C\000h\000e\000c\000k\000p\000o\000i\000n\000t\000i\000n\000g}{section.7.2}% 70
\BOOKMARK [2][-]{subsection.7.2.4}{\376\377\000D\000a\000t\000a\000b\000a\000s\000e\000\040\000r\000e\000s\000t\000a\000r\000t\000i\000n\000g}{section.7.2}% 71
