\BOOKMARK [0][-]{chapter.1}{\376\377\000R\000e\000g\000u\000l\000a\000r\000\040\000L\000a\000n\000g\000u\000a\000g\000e\000s}{}% 1
\BOOKMARK [1][-]{section.1.1}{\376\377\000F\000o\000r\000m\000a\000l\000\040\000l\000a\000n\000g\000u\000a\000g\000e\000\040\000t\000h\000e\000o\000r\000y}{chapter.1}% 2
\BOOKMARK [1][-]{section.1.2}{\376\377\000O\000p\000e\000r\000a\000t\000i\000o\000n\000s\000\040\000o\000n\000\040\000s\000t\000r\000i\000n\000g\000s}{chapter.1}% 3
\BOOKMARK [1][-]{section.1.3}{\376\377\000O\000p\000e\000r\000a\000t\000i\000o\000n\000s\000\040\000o\000n\000\040\000l\000a\000n\000g\000u\000a\000g\000e\000s}{chapter.1}% 4
\BOOKMARK [1][-]{section.1.4}{\376\377\000R\000e\000g\000u\000l\000a\000r\000\040\000e\000x\000p\000r\000e\000s\000s\000i\000o\000n\000s\000\040\000a\000n\000d\000\040\000l\000a\000n\000g\000u\000a\000g\000e\000s}{chapter.1}% 5
\BOOKMARK [2][-]{subsection.1.4.1}{\376\377\000A\000m\000b\000i\000g\000u\000i\000t\000y}{section.1.4}% 6
\BOOKMARK [2][-]{subsection.1.4.2}{\376\377\000E\000x\000t\000e\000n\000d\000e\000d\000\040\000r\000e\000g\000u\000l\000a\000r\000\040\000e\000x\000p\000r\000e\000s\000s\000i\000o\000n\000s}{section.1.4}% 7
\BOOKMARK [2][-]{subsection.1.4.3}{\376\377\000C\000l\000o\000s\000u\000r\000e\000\040\000p\000r\000o\000p\000e\000r\000t\000i\000e\000s\000\040\000o\000f\000\040\000t\000h\000e\000\040\000R\000E\000G\000\040\000f\000a\000m\000i\000l\000y}{section.1.4}% 8
\BOOKMARK [0][-]{chapter.2}{\376\377\000G\000r\000a\000m\000m\000a\000r\000s}{}% 9
\BOOKMARK [1][-]{section.2.1}{\376\377\000C\000o\000n\000t\000e\000x\000t\000-\000f\000r\000e\000e\000\040\000g\000e\000n\000e\000r\000a\000t\000i\000v\000e\000\040\000g\000r\000a\000m\000m\000a\000r\000s}{chapter.2}% 10
\BOOKMARK [1][-]{section.2.2}{\376\377\000D\000e\000r\000i\000v\000a\000t\000i\000o\000n\000\040\000a\000n\000d\000\040\000l\000a\000n\000g\000u\000a\000g\000e\000\040\000g\000e\000n\000e\000r\000a\000t\000i\000o\000n}{chapter.2}% 11
\BOOKMARK [1][-]{section.2.3}{\376\377\000E\000r\000r\000o\000n\000e\000o\000u\000s\000\040\000g\000r\000a\000m\000m\000a\000r\000s}{chapter.2}% 12
\BOOKMARK [2][-]{subsection.2.3.1}{\376\377\000P\000h\000a\000s\000e\000\040\000o\000n\000e}{section.2.3}% 13
\BOOKMARK [2][-]{subsection.2.3.2}{\376\377\000P\000h\000a\000s\000e\000\040\000t\000w\000o}{section.2.3}% 14
\BOOKMARK [2][-]{subsection.2.3.3}{\376\377\000A\000d\000d\000i\000t\000i\000o\000n\000a\000l\000\040\000r\000e\000q\000u\000i\000r\000e\000m\000e\000n\000t}{section.2.3}% 15
\BOOKMARK [1][-]{section.2.4}{\376\377\000R\000e\000c\000u\000r\000s\000i\000o\000n\000\040\000a\000n\000d\000\040\000l\000a\000n\000g\000u\000a\000g\000e\000\040\000i\000n\000f\000i\000n\000i\000t\000y}{chapter.2}% 16
\BOOKMARK [1][-]{section.2.5}{\376\377\000S\000y\000n\000t\000a\000x\000\040\000t\000r\000e\000e\000s\000\040\000a\000n\000d\000\040\000c\000a\000n\000o\000n\000i\000c\000a\000l\000\040\000d\000e\000r\000i\000v\000a\000t\000i\000o\000n\000s}{chapter.2}% 17
\BOOKMARK [1][-]{section.2.6}{\376\377\000P\000a\000r\000e\000n\000t\000h\000e\000s\000i\000s\000\040\000l\000a\000n\000g\000u\000a\000g\000e\000s}{chapter.2}% 18
\BOOKMARK [1][-]{section.2.7}{\376\377\000R\000e\000g\000u\000l\000a\000r\000\040\000c\000o\000m\000p\000o\000s\000i\000t\000i\000o\000n\000\040\000o\000f\000\040\000c\000o\000n\000t\000e\000x\000t\000-\000f\000r\000e\000e\000\040\000l\000a\000n\000g\000u\000a\000g\000e\000s}{chapter.2}% 19
\BOOKMARK [1][-]{section.2.8}{\376\377\000A\000m\000b\000i\000g\000u\000i\000t\000y}{chapter.2}% 20
\BOOKMARK [2][-]{subsection.2.8.1}{\376\377\000A\000m\000b\000i\000g\000u\000i\000t\000y\000\040\000f\000r\000o\000m\000\040\000b\000i\000l\000a\000t\000e\000r\000a\000l\000\040\000r\000e\000c\000u\000r\000s\000i\000o\000n}{section.2.8}% 21
\BOOKMARK [2][-]{subsection.2.8.2}{\376\377\000A\000m\000b\000i\000g\000u\000i\000t\000y\000\040\000f\000r\000o\000m\000\040\000l\000a\000n\000g\000u\000a\000g\000e\000\040\000u\000n\000i\000o\000n}{section.2.8}% 22
\BOOKMARK [2][-]{subsection.2.8.3}{\376\377\000I\000n\000h\000e\000r\000e\000n\000t\000\040\000a\000m\000b\000i\000g\000u\000i\000t\000y}{section.2.8}% 23
\BOOKMARK [2][-]{subsection.2.8.4}{\376\377\000A\000m\000b\000i\000g\000u\000i\000t\000y\000\040\000f\000r\000o\000m\000\040\000c\000o\000n\000c\000a\000t\000e\000n\000a\000t\000i\000o\000n\000\040\000o\000f\000\040\000l\000a\000n\000g\000u\000a\000g\000e\000s}{section.2.8}% 24
\BOOKMARK [2][-]{subsection.2.8.5}{\376\377\000O\000t\000h\000e\000r\000\040\000c\000a\000s\000e\000s\000\040\000o\000f\000\040\000a\000m\000b\000i\000g\000u\000i\000t\000y}{section.2.8}% 25
\BOOKMARK [1][-]{section.2.9}{\376\377\000S\000t\000r\000o\000n\000g\000\040\000a\000n\000d\000\040\000w\000e\000a\000k\000\040\000e\000q\000u\000i\000v\000a\000l\000e\000n\000c\000e}{chapter.2}% 26
\BOOKMARK [1][-]{section.2.10}{\376\377\000G\000r\000a\000m\000m\000a\000r\000\040\000n\000o\000r\000m\000a\000l\000\040\000f\000o\000r\000m\000s\000\040\000a\000n\000d\000\040\000t\000r\000a\000n\000s\000f\000o\000r\000m\000a\000t\000i\000o\000n\000s}{chapter.2}% 27
\BOOKMARK [2][-]{subsection.2.10.1}{\376\377\000N\000o\000n\000t\000e\000r\000m\000i\000n\000a\000l\000\040\000e\000x\000p\000a\000n\000s\000i\000o\000n}{section.2.10}% 28
\BOOKMARK [2][-]{subsection.2.10.2}{\376\377\000E\000l\000i\000m\000i\000n\000a\000t\000i\000o\000n\000\040\000o\000f\000\040\000t\000h\000e\000\040\000a\000x\000i\000o\000m\000\040\000f\000r\000o\000m\000\040\000r\000i\000g\000h\000t\000\040\000p\000a\000r\000t\000s}{section.2.10}% 29
\BOOKMARK [2][-]{subsection.2.10.3}{\376\377\000N\000o\000r\000m\000a\000l\000\040\000f\000o\000r\000m\000\040\000w\000i\000t\000h\000o\000u\000t\000\040\000n\000u\000l\000l\000a\000b\000l\000e\000\040\000n\000o\000n\000t\000e\000r\000m\000i\000n\000a\000l\000s}{section.2.10}% 30
\BOOKMARK [2][-]{subsection.2.10.4}{\376\377\000C\000o\000p\000y\000\040\000r\000u\000l\000e\000s\000\040\000a\000n\000d\000\040\000t\000h\000e\000i\000r\000\040\000e\000l\000i\000m\000i\000n\000a\000t\000i\000o\000n}{section.2.10}% 31
\BOOKMARK [2][-]{subsection.2.10.5}{\376\377\000C\000o\000n\000v\000e\000r\000s\000i\000o\000n\000\040\000o\000f\000\040\000l\000e\000f\000t\000\040\000r\000e\000c\000u\000r\000s\000i\000o\000n\000\040\000t\000o\000\040\000r\000i\000g\000h\000t\000\040\000r\000e\000c\000u\000r\000s\000i\000o\000n}{section.2.10}% 32
\BOOKMARK [2][-]{subsection.2.10.6}{\376\377\000C\000h\000o\000m\000s\000k\000y\000\040\000n\000o\000r\000m\000a\000l\000\040\000f\000o\000r\000m}{section.2.10}% 33
\BOOKMARK [2][-]{subsection.2.10.7}{\376\377\000R\000e\000a\000l\000-\000t\000i\000m\000e\000\040\000n\000o\000r\000m\000a\000l\000\040\000f\000o\000r\000m}{section.2.10}% 34
\BOOKMARK [2][-]{subsection.2.10.8}{\376\377\000G\000r\000e\000i\000b\000a\000c\000h\000\040\000n\000o\000r\000m\000a\000l\000\040\000f\000o\000r\000m}{section.2.10}% 35
\BOOKMARK [1][-]{section.2.11}{\376\377\000F\000r\000e\000e\000\040\000g\000r\000a\000m\000m\000a\000r\000s\000\040\000e\000x\000t\000e\000n\000d\000e\000d\000\040\000w\000i\000t\000h\000\040\000r\000e\000g\000u\000l\000a\000r\000\040\000e\000x\000p\000r\000e\000s\000s\000i\000o\000n\000s}{chapter.2}% 36
\BOOKMARK [1][-]{section.2.12}{\376\377\000C\000o\000m\000p\000a\000r\000i\000s\000o\000n\000\040\000o\000f\000\040\000r\000e\000g\000u\000l\000a\000r\000\040\000a\000n\000d\000\040\000c\000o\000n\000t\000e\000x\000t\000-\000f\000r\000e\000e\000\040\000l\000a\000n\000g\000u\000a\000g\000e\000s}{chapter.2}% 37
\BOOKMARK [2][-]{subsection.2.12.1}{\376\377\000C\000l\000o\000s\000u\000r\000e\000\040\000p\000r\000o\000p\000e\000r\000t\000i\000e\000s}{section.2.12}% 38
\BOOKMARK [0][-]{chapter.3}{\376\377\000F\000i\000n\000i\000t\000e\000\040\000s\000t\000a\000t\000e\000\040\000a\000u\000t\000o\000m\000a\000t\000a}{}% 39
\BOOKMARK [1][-]{section.3.1}{\376\377\000I\000n\000t\000r\000o\000d\000u\000c\000t\000i\000o\000n}{chapter.3}% 40
\BOOKMARK [1][-]{section.3.2}{\376\377\000F\000i\000n\000i\000t\000e\000\040\000s\000t\000a\000t\000e\000\040\000a\000u\000t\000o\000m\000a\000t\000a}{chapter.3}% 41
\BOOKMARK [1][-]{section.3.3}{\376\377\000D\000e\000t\000e\000r\000m\000i\000n\000i\000s\000t\000i\000c\000\040\000f\000i\000n\000i\000t\000e\000\040\000s\000t\000a\000t\000e\000\040\000a\000u\000t\000o\000m\000a\000t\000a}{chapter.3}% 42
\BOOKMARK [2][-]{subsection.3.3.1}{\376\377\000E\000r\000r\000o\000r\000\040\000s\000t\000a\000t\000e\000\040\000a\000n\000d\000\040\000t\000o\000t\000a\000l\000\040\000a\000u\000t\000o\000m\000a\000t\000a}{section.3.3}% 43
\BOOKMARK [2][-]{subsection.3.3.2}{\376\377\000C\000l\000e\000a\000n\000\040\000a\000u\000t\000o\000m\000a\000t\000a}{section.3.3}% 44
\BOOKMARK [2][-]{subsection.3.3.3}{\376\377\000M\000i\000n\000i\000m\000a\000l\000\040\000a\000u\000t\000o\000m\000a\000t\000a}{section.3.3}% 45
\BOOKMARK [1][-]{section.3.4}{\376\377\000N\000o\000n\000d\000e\000t\000e\000r\000m\000i\000n\000i\000s\000t\000i\000c\000\040\000a\000u\000t\000o\000m\000a\000t\000a}{chapter.3}% 46
\BOOKMARK [2][-]{subsection.3.4.1}{\376\377\000C\000o\000r\000r\000e\000s\000p\000o\000n\000d\000e\000n\000c\000e\000\040\000b\000e\000t\000w\000e\000e\000n\000\040\000a\000u\000t\000o\000m\000a\000t\000a\000\040\000a\000n\000d\000\040\000g\000r\000a\000m\000m\000a\000r\000s}{section.3.4}% 47
\BOOKMARK [2][-]{subsection.3.4.2}{\376\377\000A\000m\000b\000i\000g\000u\000i\000t\000y}{section.3.4}% 48
\BOOKMARK [1][-]{section.3.5}{\376\377\000F\000r\000o\000m\000\040\000a\000u\000t\000o\000m\000a\000t\000o\000n\000\040\000t\000o\000\040\000r\000e\000g\000u\000l\000a\000r\000\040\000e\000x\000p\000r\000e\000s\000s\000i\000o\000n}{chapter.3}% 49
\BOOKMARK [1][-]{section.3.6}{\376\377\000E\000l\000i\000m\000i\000n\000a\000t\000i\000o\000n\000\040\000o\000f\000\040\000n\000o\000n\000d\000e\000t\000e\000r\000m\000i\000n\000i\000s\000m}{chapter.3}% 50
\BOOKMARK [1][-]{section.3.7}{\376\377\000F\000r\000o\000m\000\040\000a\000\040\000r\000e\000g\000u\000l\000a\000r\000\040\000e\000x\000p\000r\000e\000s\000s\000i\000o\000n\000\040\000t\000o\000\040\000a\000\040\000f\000i\000n\000i\000t\000e\000\040\000s\000t\000a\000t\000e\000\040\000a\000u\000t\000o\000m\000a\000t\000o\000n}{chapter.3}% 51
\BOOKMARK [2][-]{subsection.3.7.1}{\376\377\000L\000o\000c\000a\000l\000l\000y\000\040\000t\000e\000s\000t\000a\000b\000l\000e\000\040\000l\000a\000n\000g\000u\000a\000g\000e}{section.3.7}% 52
\BOOKMARK [2][-]{subsection.3.7.2}{\376\377\000T\000h\000o\000m\000p\000s\000o\000n\000\040\000s\000t\000r\000u\000c\000t\000u\000r\000a\000l\000\040\000m\000e\000t\000h\000o\000d}{section.3.7}% 53
\BOOKMARK [2][-]{subsection.3.7.3}{\376\377\000G\000l\000u\000s\000h\000k\000o\000v\000\040\000M\000c\000N\000a\000u\000g\000h\000t\000o\000n\000\040\000Y\000a\000m\000a\000d\000a\000\040\000m\000e\000t\000h\000o\000d}{section.3.7}% 54
\BOOKMARK [2][-]{subsection.3.7.4}{\376\377\000B\000e\000r\000r\000y\000-\000S\000e\000t\000h\000i\000\040\000m\000e\000t\000h\000o\000d}{section.3.7}% 55
\BOOKMARK [1][-]{section.3.8}{\376\377\000C\000o\000m\000p\000l\000e\000m\000e\000n\000t\000\040\000a\000n\000d\000\040\000i\000n\000t\000e\000r\000s\000e\000c\000t\000i\000o\000n\000\040\000o\000f\000\040\000r\000e\000g\000u\000l\000a\000r\000\040\000l\000a\000n\000g\000u\000a\000g\000e\000s}{chapter.3}% 56
\BOOKMARK [0][-]{chapter.4}{\376\377\000P\000u\000s\000h\000d\000o\000w\000n\000\040\000a\000u\000t\000o\000m\000a\000t\000a}{}% 57
\BOOKMARK [1][-]{section.4.1}{\376\377\000I\000n\000t\000r\000o\000d\000u\000c\000t\000i\000o\000n}{chapter.4}% 58
\BOOKMARK [2][-]{subsection.4.1.1}{\376\377\000S\000t\000a\000t\000e\000-\000t\000r\000a\000n\000s\000i\000t\000i\000o\000n\000\040\000g\000r\000a\000p\000h}{section.4.1}% 59
\BOOKMARK [2][-]{subsection.4.1.2}{\376\377\000F\000r\000o\000m\000\040\000g\000r\000a\000m\000m\000a\000r\000\040\000t\000o\000\040\000p\000u\000s\000h\000d\000o\000w\000n\000\040\000a\000u\000t\000o\000m\000a\000t\000a}{section.4.1}% 60
\BOOKMARK [2][-]{subsection.4.1.3}{\376\377\000V\000a\000r\000i\000e\000t\000i\000e\000s\000\040\000o\000f\000\040\000p\000u\000s\000h\000d\000o\000w\000n\000\040\000a\000u\000t\000o\000m\000a\000t\000a}{section.4.1}% 61
\BOOKMARK [2][-]{subsection.4.1.4}{\376\377\000C\000o\000n\000t\000e\000x\000t\000-\000f\000r\000e\000e\000\040\000l\000a\000n\000g\000u\000a\000g\000e\000s\000\040\000a\000n\000d\000\040\000p\000u\000s\000h\000d\000o\000w\000n\000\040\000a\000u\000t\000o\000m\000a\000t\000a}{section.4.1}% 62
\BOOKMARK [2][-]{subsection.4.1.5}{\376\377\000I\000n\000t\000e\000r\000s\000e\000c\000t\000i\000o\000n\000\040\000o\000f\000\040\000r\000e\000g\000u\000l\000a\000r\000\040\000a\000n\000d\000\040\000c\000o\000n\000t\000e\000x\000t\000-\000f\000r\000e\000e\000\040\000l\000a\000n\000g\000u\000a\000g\000e\000s}{section.4.1}% 63
\BOOKMARK [1][-]{section.4.2}{\376\377\000D\000e\000t\000e\000r\000m\000i\000n\000i\000s\000t\000i\000c\000\040\000p\000u\000s\000h\000d\000o\000w\000n\000\040\000a\000u\000t\000o\000m\000a\000t\000a}{chapter.4}% 64
\BOOKMARK [0][-]{chapter.5}{\376\377\000S\000y\000n\000t\000a\000x\000\040\000a\000n\000a\000l\000y\000s\000i\000s}{}% 65
\BOOKMARK [1][-]{section.5.1}{\376\377\000I\000n\000t\000r\000o\000d\000u\000c\000t\000i\000o\000n}{chapter.5}% 66
\BOOKMARK [1][-]{section.5.2}{\376\377\000G\000r\000a\000m\000m\000a\000r\000\040\000a\000s\000\040\000n\000e\000t\000w\000o\000r\000k\000\040\000o\000f\000\040\000f\000i\000n\000i\000t\000e\000\040\000a\000u\000t\000o\000m\000a\000t\000a}{chapter.5}% 67
\BOOKMARK [1][-]{section.5.3}{\376\377\000B\000o\000t\000t\000o\000m\000-\000u\000p\000\040\000s\000y\000n\000t\000a\000x\000\040\000a\000n\000a\000l\000y\000s\000i\000s}{chapter.5}% 68
\BOOKMARK [1][-]{section.5.4}{\376\377\000T\000o\000p\000-\000d\000o\000w\000n\000\040\000s\000y\000n\000t\000a\000x\000\040\000a\000n\000a\000l\000y\000s\000i\000s}{chapter.5}% 69
\BOOKMARK [1][-]{section.5.5}{\376\377\000S\000y\000n\000t\000a\000x\000\040\000a\000n\000a\000l\000y\000s\000i\000s\000\040\000o\000f\000\040\000n\000o\000n\000d\000e\000t\000e\000r\000m\000i\000n\000i\000s\000t\000i\000c\000\040\000g\000r\000a\000m\000m\000a\000r\000s}{chapter.5}% 70
\BOOKMARK [1][-]{section.5.6}{\376\377\000S\000y\000n\000t\000a\000x\000\040\000a\000n\000a\000l\000y\000s\000i\000s\000\040\000o\000f\000\040\000n\000o\000n\000d\000e\000t\000e\000r\000m\000i\000n\000i\000s\000t\000i\000c\000\040\000g\000r\000a\000m\000m\000a\000r\000s}{chapter.5}% 71
\BOOKMARK [2][-]{subsection.5.6.1}{\376\377\000E\000a\000r\000l\000e\000y\000'\000s\000\040\000M\000e\000t\000h\000o\000d}{section.5.6}% 72
\BOOKMARK [2][-]{subsection.5.6.2}{\376\377\000S\000y\000n\000t\000a\000x\000\040\000t\000r\000e\000e\000\040\000c\000o\000n\000s\000t\000r\000u\000c\000t\000i\000o\000n}{section.5.6}% 73
\BOOKMARK [0][-]{chapter.6}{\376\377\000S\000y\000n\000t\000a\000x\000\040\000a\000n\000d\000\040\000s\000e\000m\000a\000n\000t\000i\000c\000\040\000t\000r\000a\000n\000s\000l\000a\000t\000i\000o\000n}{}% 74
\BOOKMARK [1][-]{section.6.1}{\376\377\000I\000n\000t\000r\000o\000d\000u\000c\000t\000i\000o\000n}{chapter.6}% 75
\BOOKMARK [1][-]{section.6.2}{\376\377\000S\000y\000n\000t\000a\000c\000t\000i\000c\000\040\000t\000r\000a\000n\000s\000l\000a\000t\000i\000o\000n}{chapter.6}% 76
\BOOKMARK [2][-]{subsection.6.2.1}{\376\377\000T\000r\000a\000n\000s\000l\000a\000t\000i\000o\000n\000\040\000r\000e\000l\000a\000t\000i\000o\000n\000\040\000a\000n\000d\000\040\000f\000u\000n\000c\000t\000i\000o\000n}{section.6.2}% 77
\BOOKMARK [2][-]{subsection.6.2.2}{\376\377\000T\000r\000a\000n\000s\000l\000i\000t\000e\000r\000a\000t\000i\000o\000n}{section.6.2}% 78
\BOOKMARK [2][-]{subsection.6.2.3}{\376\377\000A\000m\000b\000i\000g\000u\000i\000t\000y\000\040\000o\000f\000\040\000s\000o\000u\000r\000c\000e\000\040\000g\000r\000a\000m\000m\000a\000r\000\040\000a\000n\000d\000\040\000t\000r\000a\000n\000s\000l\000a\000t\000i\000o\000n}{section.6.2}% 79
\BOOKMARK [2][-]{subsection.6.2.4}{\376\377\000T\000r\000a\000n\000s\000l\000a\000t\000i\000o\000n\000\040\000g\000r\000a\000m\000m\000a\000r\000\040\000a\000n\000d\000\040\000p\000u\000s\000h\000d\000o\000w\000n\000\040\000a\000u\000t\000o\000m\000a\000t\000a}{section.6.2}% 80
\BOOKMARK [2][-]{subsection.6.2.5}{\376\377\000F\000r\000o\000m\000\040\000t\000r\000a\000n\000s\000l\000a\000t\000i\000o\000n\000\040\000g\000r\000a\000m\000m\000a\000r\000\040\000t\000o\000\040\000p\000u\000s\000h\000d\000o\000w\000n\000\040\000t\000r\000a\000n\000s\000d\000u\000c\000e\000r}{section.6.2}% 81
\BOOKMARK [2][-]{subsection.6.2.6}{\376\377\000S\000y\000n\000t\000a\000x\000\040\000a\000n\000a\000l\000y\000s\000i\000s\000\040\000w\000i\000t\000h\000\040\000o\000n\000l\000i\000n\000e\000\040\000t\000r\000a\000n\000s\000l\000a\000t\000i\000o\000n}{section.6.2}% 82
\BOOKMARK [2][-]{subsection.6.2.7}{\376\377\000R\000e\000g\000u\000l\000a\000r\000\040\000T\000r\000a\000n\000s\000l\000a\000t\000i\000o\000n}{section.6.2}% 83
\BOOKMARK [2][-]{subsection.6.2.8}{\376\377\0002\000I\000\040\000A\000u\000t\000o\000m\000a\000t\000o\000n}{section.6.2}% 84
\BOOKMARK [2][-]{subsection.6.2.9}{\376\377\000S\000e\000q\000u\000e\000n\000t\000i\000a\000l\000\040\000T\000r\000a\000n\000s\000d\000u\000c\000e\000r}{section.6.2}% 85
\BOOKMARK [1][-]{section.6.3}{\376\377\000S\000e\000m\000a\000n\000t\000i\000c\000\040\000T\000r\000a\000n\000s\000l\000a\000t\000i\000o\000n}{chapter.6}% 86
\BOOKMARK [1][-]{section.6.4}{\376\377\000A\000t\000t\000r\000i\000b\000u\000t\000e\000\040\000g\000r\000a\000m\000m\000a\000r\000s}{chapter.6}% 87
\BOOKMARK [2][-]{subsection.6.4.1}{\376\377\000D\000e\000p\000e\000n\000d\000e\000n\000c\000e\000\040\000g\000r\000a\000p\000h}{section.6.4}% 88
\BOOKMARK [2][-]{subsection.6.4.2}{\376\377\000O\000n\000e\000-\000s\000w\000e\000e\000p\000\040\000s\000e\000m\000a\000n\000t\000i\000c\000\040\000e\000v\000a\000l\000u\000a\000t\000i\000o\000n}{section.6.4}% 89
\BOOKMARK [2][-]{subsection.6.4.3}{\376\377\000C\000o\000m\000b\000i\000n\000e\000d\000\040\000s\000y\000n\000t\000a\000x\000\040\000a\000n\000d\000\040\000s\000e\000m\000a\000n\000t\000i\000c\000\040\000a\000n\000a\000l\000y\000s\000i\000s}{section.6.4}% 90
\BOOKMARK [1][-]{section.6.5}{\376\377\000S\000t\000a\000t\000i\000c\000\040\000a\000n\000a\000l\000y\000s\000i\000s}{chapter.6}% 91
\BOOKMARK [2][-]{subsection.6.5.1}{\376\377\000P\000r\000o\000g\000r\000a\000m\000\040\000a\000s\000\040\000a\000n\000\040\000a\000u\000t\000o\000m\000a\000t\000o\000n}{section.6.5}% 92
\BOOKMARK [2][-]{subsection.6.5.2}{\376\377\000L\000i\000v\000e\000n\000e\000s\000s\000\040\000o\000f\000\040\000a\000\040\000v\000a\000r\000i\000a\000b\000l\000e}{section.6.5}% 93
\BOOKMARK [2][-]{subsection.6.5.3}{\376\377\000A\000p\000p\000l\000i\000c\000a\000t\000i\000o\000n\000\040\000o\000f\000\040\000L\000i\000v\000e\000n\000e\000s\000s\000\040\000A\000n\000a\000l\000y\000s\000i\000s}{section.6.5}% 94
\BOOKMARK [2][-]{subsection.6.5.4}{\376\377\000R\000e\000a\000c\000h\000i\000n\000g\000\040\000d\000e\000f\000i\000n\000i\000t\000i\000o\000n\000\040\000a\000n\000a\000l\000y\000s\000i\000s}{section.6.5}% 95
\BOOKMARK [0][-]{chapter.7}{\376\377\000L\000a\000b\000o\000r\000a\000t\000o\000r\000y}{}% 96
\BOOKMARK [1][-]{section.7.1}{\376\377\000R\000e\000g\000u\000l\000a\000r\000\040\000e\000x\000p\000r\000e\000s\000s\000i\000o\000n}{chapter.7}% 97
\BOOKMARK [1][-]{section.7.2}{\376\377\000L\000e\000x\000i\000c\000a\000l\000\040\000a\000n\000a\000l\000y\000s\000i\000s}{chapter.7}% 98
